{"C:\\Users\\errol\\417\\testCode\\src\\math.js":{"path":"C:\\Users\\errol\\417\\testCode\\src\\math.js","statementMap":{"0":{"start":{"line":5,"column":2},"end":{"line":5,"column":15}},"1":{"start":{"line":10,"column":2},"end":{"line":10,"column":25}},"2":{"start":{"line":15,"column":2},"end":{"line":15,"column":31}},"3":{"start":{"line":15,"column":13},"end":{"line":15,"column":31}},"4":{"start":{"line":16,"column":2},"end":{"line":16,"column":29}},"5":{"start":{"line":16,"column":15},"end":{"line":16,"column":29}},"6":{"start":{"line":17,"column":2},"end":{"line":17,"column":20}},"7":{"start":{"line":22,"column":2},"end":{"line":22,"column":69}},"8":{"start":{"line":22,"column":28},"end":{"line":22,"column":69}},"9":{"start":{"line":23,"column":12},"end":{"line":23,"column":13}},"10":{"start":{"line":24,"column":2},"end":{"line":24,"column":33}},"11":{"start":{"line":24,"column":24},"end":{"line":24,"column":33}},"12":{"start":{"line":25,"column":2},"end":{"line":25,"column":27}},"13":{"start":{"line":28,"column":0},"end":{"line":28,"column":57}}},"fnMap":{"0":{"name":"add","decl":{"start":{"line":4,"column":9},"end":{"line":4,"column":12}},"loc":{"start":{"line":4,"column":19},"end":{"line":6,"column":1}},"line":4},"1":{"name":"absDiff","decl":{"start":{"line":9,"column":9},"end":{"line":9,"column":16}},"loc":{"start":{"line":9,"column":23},"end":{"line":11,"column":1}},"line":9},"2":{"name":"classifySign","decl":{"start":{"line":14,"column":9},"end":{"line":14,"column":21}},"loc":{"start":{"line":14,"column":25},"end":{"line":18,"column":1}},"line":14},"3":{"name":"average","decl":{"start":{"line":21,"column":9},"end":{"line":21,"column":16}},"loc":{"start":{"line":21,"column":23},"end":{"line":26,"column":1}},"line":21}},"branchMap":{"0":{"loc":{"start":{"line":15,"column":2},"end":{"line":15,"column":31}},"type":"if","locations":[{"start":{"line":15,"column":2},"end":{"line":15,"column":31}},{"start":{},"end":{}}],"line":15},"1":{"loc":{"start":{"line":16,"column":2},"end":{"line":16,"column":29}},"type":"if","locations":[{"start":{"line":16,"column":2},"end":{"line":16,"column":29}},{"start":{},"end":{}}],"line":16},"2":{"loc":{"start":{"line":22,"column":2},"end":{"line":22,"column":69}},"type":"if","locations":[{"start":{"line":22,"column":2},"end":{"line":22,"column":69}},{"start":{},"end":{}}],"line":22}},"s":{"0":13,"1":17,"2":10,"3":4,"4":6,"5":2,"6":4,"7":14,"8":2,"9":12,"10":12,"11":33,"12":12,"13":1},"f":{"0":13,"1":17,"2":10,"3":14},"b":{"0":[4,6],"1":[2,4],"2":[2,12]},"_coverageSchema":"1a1c01bbd47fc00a2c39e90264f33305004495a9","hash":"1f816d4b5e5e9463ad64c5a81783f24755d922a9","contentHash":"a17e9aa07331c5b20d95bf1cf6a92ed22aefc0604b5f656b6dcbee03071561a0"}}